[debug] [2023-11-17T09:35:31.945Z] ----------------------------------------------------------------------
[debug] [2023-11-17T09:35:31.946Z] Command:       /home/merh/.nvm/versions/node/v18.17.1/bin/node /home/merh/.local/share/pnpm/global/5/node_modules/firebase-tools/lib/bin/firebase.js deploy
[debug] [2023-11-17T09:35:31.947Z] CLI Version:   12.9.1
[debug] [2023-11-17T09:35:31.947Z] Platform:      linux
[debug] [2023-11-17T09:35:31.947Z] Node Version:  v18.17.1
[debug] [2023-11-17T09:35:31.947Z] Time:          Fri Nov 17 2023 17:35:31 GMT+0800 (Singapore Standard Time)
[debug] [2023-11-17T09:35:31.947Z] ----------------------------------------------------------------------
[debug] 
[debug] [2023-11-17T09:35:31.981Z] > command requires scopes: ["email","openid","https://www.googleapis.com/auth/cloudplatformprojects.readonly","https://www.googleapis.com/auth/firebase","https://www.googleapis.com/auth/cloud-platform"]
[debug] [2023-11-17T09:35:31.981Z] > authorizing via signed-in user (arvinhow95@gmail.com)
[debug] [2023-11-17T09:35:31.981Z] [iam] checking project sonicbim for permissions ["cloudfunctions.functions.create","cloudfunctions.functions.delete","cloudfunctions.functions.get","cloudfunctions.functions.list","cloudfunctions.functions.update","cloudfunctions.operations.get","firebase.projects.get","firebasehosting.sites.update"]
[debug] [2023-11-17T09:35:31.983Z] >>> [apiv2][query] POST https://cloudresourcemanager.googleapis.com/v1/projects/sonicbim:testIamPermissions [none]
[debug] [2023-11-17T09:35:31.983Z] >>> [apiv2][(partial)header] POST https://cloudresourcemanager.googleapis.com/v1/projects/sonicbim:testIamPermissions x-goog-quota-user=projects/sonicbim
[debug] [2023-11-17T09:35:31.983Z] >>> [apiv2][body] POST https://cloudresourcemanager.googleapis.com/v1/projects/sonicbim:testIamPermissions {"permissions":["cloudfunctions.functions.create","cloudfunctions.functions.delete","cloudfunctions.functions.get","cloudfunctions.functions.list","cloudfunctions.functions.update","cloudfunctions.operations.get","firebase.projects.get","firebasehosting.sites.update"]}
[debug] [2023-11-17T09:35:33.117Z] <<< [apiv2][status] POST https://cloudresourcemanager.googleapis.com/v1/projects/sonicbim:testIamPermissions 200
[debug] [2023-11-17T09:35:33.117Z] <<< [apiv2][body] POST https://cloudresourcemanager.googleapis.com/v1/projects/sonicbim:testIamPermissions {"permissions":["cloudfunctions.functions.create","cloudfunctions.functions.delete","cloudfunctions.functions.get","cloudfunctions.functions.list","cloudfunctions.functions.update","cloudfunctions.operations.get","firebase.projects.get","firebasehosting.sites.update"]}
[debug] [2023-11-17T09:35:33.118Z] >>> [apiv2][query] POST https://iam.googleapis.com/v1/projects/sonicbim/serviceAccounts/sonicbim@appspot.gserviceaccount.com:testIamPermissions [none]
[debug] [2023-11-17T09:35:33.118Z] >>> [apiv2][body] POST https://iam.googleapis.com/v1/projects/sonicbim/serviceAccounts/sonicbim@appspot.gserviceaccount.com:testIamPermissions {"permissions":["iam.serviceAccounts.actAs"]}
[debug] [2023-11-17T09:35:33.509Z] <<< [apiv2][status] POST https://iam.googleapis.com/v1/projects/sonicbim/serviceAccounts/sonicbim@appspot.gserviceaccount.com:testIamPermissions 200
[debug] [2023-11-17T09:35:33.509Z] <<< [apiv2][body] POST https://iam.googleapis.com/v1/projects/sonicbim/serviceAccounts/sonicbim@appspot.gserviceaccount.com:testIamPermissions {"permissions":["iam.serviceAccounts.actAs"]}
[debug] [2023-11-17T09:35:33.510Z] >>> [apiv2][query] GET https://firebase.googleapis.com/v1beta1/projects/sonicbim [none]
[debug] [2023-11-17T09:35:33.832Z] <<< [apiv2][status] GET https://firebase.googleapis.com/v1beta1/projects/sonicbim 200
[debug] [2023-11-17T09:35:33.832Z] <<< [apiv2][body] GET https://firebase.googleapis.com/v1beta1/projects/sonicbim {"projectId":"sonicbim","projectNumber":"221067768349","displayName":"sonicbim","name":"projects/sonicbim","resources":{"hostingSite":"sonicbim"},"state":"ACTIVE","etag":"1_014b36c4-0be8-4955-b180-69e97403ca5a"}
[debug] [2023-11-17T09:35:33.833Z] Specified "public" directory "public" does not exist; Deploy to Hosting site "sonicbim" may fail or be empty.
[info] 
[info] === Deploying to 'sonicbim'...
[info] 
[info] i  deploying functions, hosting 
[debug] [2023-11-17T09:35:33.834Z] >>> [apiv2][query] GET https://firebase.googleapis.com/v1beta1/projects/sonicbim [none]
[debug] [2023-11-17T09:35:34.240Z] <<< [apiv2][status] GET https://firebase.googleapis.com/v1beta1/projects/sonicbim 200
[debug] [2023-11-17T09:35:34.241Z] <<< [apiv2][body] GET https://firebase.googleapis.com/v1beta1/projects/sonicbim {"projectId":"sonicbim","projectNumber":"221067768349","displayName":"sonicbim","name":"projects/sonicbim","resources":{"hostingSite":"sonicbim"},"state":"ACTIVE","etag":"1_014b36c4-0be8-4955-b180-69e97403ca5a"}
[info] i  functions: preparing codebase default for deployment 
[info] i  functions: ensuring required API cloudfunctions.googleapis.com is enabled... 
[info] i  functions: ensuring required API cloudbuild.googleapis.com is enabled... 
[info] i  artifactregistry: ensuring required API artifactregistry.googleapis.com is enabled... 
[debug] [2023-11-17T09:35:34.243Z] >>> [apiv2][query] GET https://serviceusage.googleapis.com/v1/projects/sonicbim/services/cloudfunctions.googleapis.com [none]
[debug] [2023-11-17T09:35:34.243Z] >>> [apiv2][(partial)header] GET https://serviceusage.googleapis.com/v1/projects/sonicbim/services/cloudfunctions.googleapis.com x-goog-quota-user=projects/sonicbim
[debug] [2023-11-17T09:35:34.244Z] >>> [apiv2][query] GET https://serviceusage.googleapis.com/v1/projects/sonicbim/services/runtimeconfig.googleapis.com [none]
[debug] [2023-11-17T09:35:34.244Z] >>> [apiv2][(partial)header] GET https://serviceusage.googleapis.com/v1/projects/sonicbim/services/runtimeconfig.googleapis.com x-goog-quota-user=projects/sonicbim
[debug] [2023-11-17T09:35:34.245Z] >>> [apiv2][query] GET https://serviceusage.googleapis.com/v1/projects/sonicbim/services/cloudbuild.googleapis.com [none]
[debug] [2023-11-17T09:35:34.245Z] >>> [apiv2][(partial)header] GET https://serviceusage.googleapis.com/v1/projects/sonicbim/services/cloudbuild.googleapis.com x-goog-quota-user=projects/sonicbim
[debug] [2023-11-17T09:35:34.246Z] >>> [apiv2][query] GET https://serviceusage.googleapis.com/v1/projects/sonicbim/services/artifactregistry.googleapis.com [none]
[debug] [2023-11-17T09:35:34.246Z] >>> [apiv2][(partial)header] GET https://serviceusage.googleapis.com/v1/projects/sonicbim/services/artifactregistry.googleapis.com x-goog-quota-user=projects/sonicbim
[debug] [2023-11-17T09:35:35.754Z] <<< [apiv2][status] GET https://serviceusage.googleapis.com/v1/projects/sonicbim/services/cloudbuild.googleapis.com 200
[debug] [2023-11-17T09:35:35.754Z] <<< [apiv2][body] GET https://serviceusage.googleapis.com/v1/projects/sonicbim/services/cloudbuild.googleapis.com [omitted]
[info] ✔  functions: required API cloudbuild.googleapis.com is enabled 
[debug] [2023-11-17T09:35:35.756Z] <<< [apiv2][status] GET https://serviceusage.googleapis.com/v1/projects/sonicbim/services/cloudfunctions.googleapis.com 200
[debug] [2023-11-17T09:35:35.756Z] <<< [apiv2][body] GET https://serviceusage.googleapis.com/v1/projects/sonicbim/services/cloudfunctions.googleapis.com [omitted]
[info] ✔  functions: required API cloudfunctions.googleapis.com is enabled 
[debug] [2023-11-17T09:35:35.772Z] <<< [apiv2][status] GET https://serviceusage.googleapis.com/v1/projects/sonicbim/services/runtimeconfig.googleapis.com 200
[debug] [2023-11-17T09:35:35.772Z] <<< [apiv2][body] GET https://serviceusage.googleapis.com/v1/projects/sonicbim/services/runtimeconfig.googleapis.com [omitted]
[debug] [2023-11-17T09:35:35.783Z] <<< [apiv2][status] GET https://serviceusage.googleapis.com/v1/projects/sonicbim/services/artifactregistry.googleapis.com 200
[debug] [2023-11-17T09:35:35.783Z] <<< [apiv2][body] GET https://serviceusage.googleapis.com/v1/projects/sonicbim/services/artifactregistry.googleapis.com [omitted]
[info] ✔  artifactregistry: required API artifactregistry.googleapis.com is enabled 
[debug] [2023-11-17T09:35:35.784Z] >>> [apiv2][query] GET https://firebase.googleapis.com/v1beta1/projects/sonicbim/adminSdkConfig [none]
[debug] [2023-11-17T09:35:36.188Z] <<< [apiv2][status] GET https://firebase.googleapis.com/v1beta1/projects/sonicbim/adminSdkConfig 200
[debug] [2023-11-17T09:35:36.188Z] <<< [apiv2][body] GET https://firebase.googleapis.com/v1beta1/projects/sonicbim/adminSdkConfig {"projectId":"sonicbim","storageBucket":"sonicbim.appspot.com"}
[debug] [2023-11-17T09:35:36.189Z] >>> [apiv2][query] GET https://runtimeconfig.googleapis.com/v1beta1/projects/sonicbim/configs [none]
[debug] [2023-11-17T09:35:36.650Z] <<< [apiv2][status] GET https://runtimeconfig.googleapis.com/v1beta1/projects/sonicbim/configs 200
[debug] [2023-11-17T09:35:36.651Z] <<< [apiv2][body] GET https://runtimeconfig.googleapis.com/v1beta1/projects/sonicbim/configs {}
